TN:
SF:01-ratelimitter.js
FN:19,rateLimit
FNF:1
FNH:1
FNDA:13,rateLimit
DA:1,1
DA:2,1
DA:3,1
DA:4,1
DA:5,1
DA:6,1
DA:7,1
DA:8,1
DA:9,1
DA:10,1
DA:11,1
DA:12,1
DA:13,1
DA:14,1
DA:15,1
DA:16,7
DA:17,1
DA:18,1
DA:19,13
DA:20,13
DA:21,13
DA:22,13
DA:23,10
DA:24,0
DA:25,0
DA:26,0
DA:27,0
DA:28,10
DA:29,10
DA:30,0
DA:31,0
DA:32,0
DA:33,10
DA:34,10
DA:35,3
DA:36,3
DA:37,3
DA:38,3
DA:39,3
DA:40,13
DA:41,13
DA:42,13
DA:43,13
DA:44,13
DA:45,13
DA:46,13
DA:47,1
DA:48,1
DA:49,1
DA:50,1
DA:51,1
DA:52,3
DA:53,1
DA:54,1
DA:55,1
DA:56,0
DA:57,1
DA:58,1
DA:59,1
LF:59
LH:51
BRDA:15,0,0,7
BRDA:19,1,0,13
BRDA:22,2,0,10
BRDA:23,3,0,0
BRDA:29,4,0,0
BRDA:35,5,0,3
BRDA:51,6,0,3
BRF:7
BRH:5
end_of_record
